[debug] [2026-04-09T22:19:54.260Z] [Firebase Plugin] Activating Firebase extension.
[info] [Firebase Plugin] Checked firebase-tools, is up to date!
[debug] [2026-04-09T22:19:55.565Z] [Firebase Plugin] requireAuthWrapper
[debug] [2026-04-09T22:19:55.567Z] > command requires scopes: ["email","openid","https://www.googleapis.com/auth/cloudplatformprojects.readonly","https://www.googleapis.com/auth/firebase","https://www.googleapis.com/auth/cloud-platform"]
[debug] [2026-04-09T22:19:55.568Z] > authorizing via signed-in user (dogukan.dogan@sabanciuniv.edu)
[debug] [2026-04-09T22:19:55.570Z] Checked if tokens are valid: true, expires at: 1775775344774
[debug] [2026-04-09T22:19:55.570Z] Checked if tokens are valid: true, expires at: 1775775344774
[debug] [2026-04-09T22:19:55.570Z] [Firebase Plugin] User found:  dogukan.dogan@sabanciuniv.edu
[info] [Firebase Plugin] (Core:Project) New user detected, fetching projects
[debug] [2026-04-09T22:19:55.571Z] Checked if tokens are valid: true, expires at: 1775775344774
[debug] [2026-04-09T22:19:55.572Z] >>> [apiv2][query] GET https://firebase.googleapis.com/v1beta1/projects pageSize=1000
[debug] [2026-04-09T22:19:55.582Z] [Firebase Plugin] VSCode notification server listening on port 40001
[info] [Firebase Plugin] Starting Data Connect toolkit (version 3.3.1) on port 50001
[info] i  dataconnect: downloading dataconnect-emulator-3.3.1.exe... {"metadata":{"emulator":{"name":"dataconnect"},"message":"downloading dataconnect-emulator-3.3.1.exe..."}}
[debug] [2026-04-09T22:19:55.767Z] >>> [apiv2][query] GET https://storage.googleapis.com/firemat-preview-drop/emulator/dataconnect-emulator-windows-amd64-v3.3.1 
[debug] [2026-04-09T22:19:56.079Z] <<< [apiv2][status] GET https://storage.googleapis.com/firemat-preview-drop/emulator/dataconnect-emulator-windows-amd64-v3.3.1 200
[debug] [2026-04-09T22:19:56.080Z] <<< [apiv2][body] GET https://storage.googleapis.com/firemat-preview-drop/emulator/dataconnect-emulator-windows-amd64-v3.3.1 [stream]
[debug] [2026-04-09T22:19:56.359Z] <<< [apiv2][status] GET https://firebase.googleapis.com/v1beta1/projects 200
[debug] [2026-04-09T22:19:56.360Z] <<< [apiv2][body] GET https://firebase.googleapis.com/v1beta1/projects [omitted]
[debug] [2026-04-09T22:19:58.288Z] 'fdc build' failed with error: Unable to build your Data Connect schema and connectors (exit code 1): E0410 01:19:58.283675    5352 cmd.go:43] Error loading data connect config: could not find dataconnect.yaml in `c:\Users\doguk\OneDrive\Belgeler\GitHub\MG_NGO_Website\dataconnect`
 {"metadata":{"emulator":{"name":"dataconnect"},"message":"'fdc build' failed with error: Unable to build your Data Connect schema and connectors (exit code 1): E0410 01:19:58.283675    5352 cmd.go:43] Error loading data connect config: could not find dataconnect.yaml in `c:\\Users\\doguk\\OneDrive\\Belgeler\\GitHub\\MG_NGO_Website\\dataconnect`\n"}}
[debug] [2026-04-09T22:19:58.303Z] Ignoring unsupported arg: auto_download {"metadata":{"emulator":{"name":"dataconnect"},"message":"Ignoring unsupported arg: auto_download"}}
[debug] [2026-04-09T22:19:58.303Z] Ignoring unsupported arg: port {"metadata":{"emulator":{"name":"dataconnect"},"message":"Ignoring unsupported arg: port"}}
[debug] [2026-04-09T22:19:58.303Z] Starting Data Connect Emulator with command {"binary":"C:\\Users\\doguk\\.cache\\firebase\\emulators\\dataconnect-emulator-3.3.1.exe","args":["--logtostderr","-v=2","dev","--listen=localhost:50001","--config_dir=c:\\Users\\doguk\\OneDrive\\Belgeler\\GitHub\\MG_NGO_Website\\dataconnect","--enable_output_schema_extensions=true","--enable_output_generated_sdk=true"],"optionalArgs":["listen","config_dir","enable_output_schema_extensions","enable_output_generated_sdk"],"joinArgs":true,"shell":false,"port":9399} {"metadata":{"emulator":{"name":"dataconnect"},"message":"Starting Data Connect Emulator with command {\"binary\":\"C:\\\\Users\\\\doguk\\\\.cache\\\\firebase\\\\emulators\\\\dataconnect-emulator-3.3.1.exe\",\"args\":[\"--logtostderr\",\"-v=2\",\"dev\",\"--listen=localhost:50001\",\"--config_dir=c:\\\\Users\\\\doguk\\\\OneDrive\\\\Belgeler\\\\GitHub\\\\MG_NGO_Website\\\\dataconnect\",\"--enable_output_schema_extensions=true\",\"--enable_output_generated_sdk=true\"],\"optionalArgs\":[\"listen\",\"config_dir\",\"enable_output_schema_extensions\",\"enable_output_generated_sdk\"],\"joinArgs\":true,\"shell\":false,\"port\":9399}"}}
[info] i  dataconnect: Data Connect Emulator logging to dataconnect-debug.log {"metadata":{"emulator":{"name":"dataconnect"},"message":"Data Connect Emulator logging to \u001b[1mdataconnect-debug.log\u001b[22m"}}
[debug] [2026-04-09T22:19:58.335Z] E0410 01:19:58.334125   21764 dev.go:83] Failed to load initial config from "c:\\Users\\doguk\\OneDrive\\Belgeler\\GitHub\\MG_NGO_Website\\dataconnect": could not find dataconnect.yaml in `c:\Users\doguk\OneDrive\Belgeler\GitHub\MG_NGO_Website\dataconnect`
 {"metadata":{"emulator":{"name":"dataconnect"},"message":"E0410 01:19:58.334125   21764 dev.go:83] Failed to load initial config from \"c:\\\\Users\\\\doguk\\\\OneDrive\\\\Belgeler\\\\GitHub\\\\MG_NGO_Website\\\\dataconnect\": could not find dataconnect.yaml in `c:\\Users\\doguk\\OneDrive\\Belgeler\\GitHub\\MG_NGO_Website\\dataconnect`\n"}}
[debug] [2026-04-09T22:19:58.335Z] E0410 01:19:58.334772   21764 watch.go:116] watchAllDir unable to walk dir `c:\Users\doguk\OneDrive\Belgeler\GitHub\MG_NGO_Website\dataconnect`: GetFileAttributesEx c:\Users\doguk\OneDrive\Belgeler\GitHub\MG_NGO_Website\dataconnect: The system cannot find the file specified.
 {"metadata":{"emulator":{"name":"dataconnect"},"message":"E0410 01:19:58.334772   21764 watch.go:116] watchAllDir unable to walk dir `c:\\Users\\doguk\\OneDrive\\Belgeler\\GitHub\\MG_NGO_Website\\dataconnect`: GetFileAttributesEx c:\\Users\\doguk\\OneDrive\\Belgeler\\GitHub\\MG_NGO_Website\\dataconnect: The system cannot find the file specified.\n"}}
[debug] [2026-04-09T22:19:58.347Z] I0410 01:19:58.347404   21764 dev.go:104] Listening on address (HTTP + gRPC): 127.0.0.1:50001
 {"metadata":{"emulator":{"name":"dataconnect"},"message":"I0410 01:19:58.347404   21764 dev.go:104] Listening on address (HTTP + gRPC): 127.0.0.1:50001\n"}}
[error] [Firebase Plugin] error:  {}
[debug] [2026-04-09T22:20:08.336Z] E0410 01:20:08.335510   21764 watch.go:40] Failed to load config from "c:\\Users\\doguk\\OneDrive\\Belgeler\\GitHub\\MG_NGO_Website\\dataconnect": could not find dataconnect.yaml in `c:\Users\doguk\OneDrive\Belgeler\GitHub\MG_NGO_Website\dataconnect`
 {"metadata":{"emulator":{"name":"dataconnect"},"message":"E0410 01:20:08.335510   21764 watch.go:40] Failed to load config from \"c:\\\\Users\\\\doguk\\\\OneDrive\\\\Belgeler\\\\GitHub\\\\MG_NGO_Website\\\\dataconnect\": could not find dataconnect.yaml in `c:\\Users\\doguk\\OneDrive\\Belgeler\\GitHub\\MG_NGO_Website\\dataconnect`\n"}}
[debug] [2026-04-09T22:20:18.336Z] E0410 01:20:18.335840   21764 watch.go:40] Failed to load config from "c:\\Users\\doguk\\OneDrive\\Belgeler\\GitHub\\MG_NGO_Website\\dataconnect": could not find dataconnect.yaml in `c:\Users\doguk\OneDrive\Belgeler\GitHub\MG_NGO_Website\dataconnect`
 {"metadata":{"emulator":{"name":"dataconnect"},"message":"E0410 01:20:18.335840   21764 watch.go:40] Failed to load config from \"c:\\\\Users\\\\doguk\\\\OneDrive\\\\Belgeler\\\\GitHub\\\\MG_NGO_Website\\\\dataconnect\": could not find dataconnect.yaml in `c:\\Users\\doguk\\OneDrive\\Belgeler\\GitHub\\MG_NGO_Website\\dataconnect`\n"}}
[debug] [2026-04-09T22:20:28.336Z] E0410 01:20:28.336104   21764 watch.go:40] Failed to load config from "c:\\Users\\doguk\\OneDrive\\Belgeler\\GitHub\\MG_NGO_Website\\dataconnect": could not find dataconnect.yaml in `c:\Users\doguk\OneDrive\Belgeler\GitHub\MG_NGO_Website\dataconnect`
 {"metadata":{"emulator":{"name":"dataconnect"},"message":"E0410 01:20:28.336104   21764 watch.go:40] Failed to load config from \"c:\\\\Users\\\\doguk\\\\OneDrive\\\\Belgeler\\\\GitHub\\\\MG_NGO_Website\\\\dataconnect\": could not find dataconnect.yaml in `c:\\Users\\doguk\\OneDrive\\Belgeler\\GitHub\\MG_NGO_Website\\dataconnect`\n"}}
[debug] [2026-04-09T22:20:38.336Z] E0410 01:20:38.335773   21764 watch.go:40] Failed to load config from "c:\\Users\\doguk\\OneDrive\\Belgeler\\GitHub\\MG_NGO_Website\\dataconnect": could not find dataconnect.yaml in `c:\Users\doguk\OneDrive\Belgeler\GitHub\MG_NGO_Website\dataconnect`
 {"metadata":{"emulator":{"name":"dataconnect"},"message":"E0410 01:20:38.335773   21764 watch.go:40] Failed to load config from \"c:\\\\Users\\\\doguk\\\\OneDrive\\\\Belgeler\\\\GitHub\\\\MG_NGO_Website\\\\dataconnect\": could not find dataconnect.yaml in `c:\\Users\\doguk\\OneDrive\\Belgeler\\GitHub\\MG_NGO_Website\\dataconnect`\n"}}
[debug] [2026-04-09T22:20:39.360Z] [Firebase Plugin] Value of process.env.MONOSPACE_ENV: undefined
[debug] [2026-04-09T22:20:39.360Z] [Firebase Plugin] requireAuthWrapper
[debug] [2026-04-09T22:20:39.361Z] > command requires scopes: ["email","openid","https://www.googleapis.com/auth/cloudplatformprojects.readonly","https://www.googleapis.com/auth/firebase","https://www.googleapis.com/auth/cloud-platform"]
[debug] [2026-04-09T22:20:39.361Z] > authorizing via signed-in user (dogukan.dogan@sabanciuniv.edu)
[debug] [2026-04-09T22:20:39.361Z] Checked if tokens are valid: true, expires at: 1775775344774
[debug] [2026-04-09T22:20:39.361Z] [Firebase Plugin] User found:  dogukan.dogan@sabanciuniv.edu
[info] [Firebase Plugin] (Core:Project) New user detected, fetching projects
[debug] [2026-04-09T22:20:39.362Z] Checked if tokens are valid: true, expires at: 1775775344774
[debug] [2026-04-09T22:20:39.363Z] >>> [apiv2][query] GET https://firebase.googleapis.com/v1beta1/projects pageSize=1000
[debug] [2026-04-09T22:20:39.370Z] [Firebase Plugin] Value of process.env.MONOSPACE_ENV: undefined
[debug] [2026-04-09T22:20:39.370Z] [Firebase Plugin] requireAuthWrapper
[debug] [2026-04-09T22:20:39.370Z] > command requires scopes: ["email","openid","https://www.googleapis.com/auth/cloudplatformprojects.readonly","https://www.googleapis.com/auth/firebase","https://www.googleapis.com/auth/cloud-platform"]
[debug] [2026-04-09T22:20:39.371Z] > authorizing via signed-in user (dogukan.dogan@sabanciuniv.edu)
[debug] [2026-04-09T22:20:39.371Z] Checked if tokens are valid: true, expires at: 1775775344774
[debug] [2026-04-09T22:20:39.371Z] [Firebase Plugin] User found:  dogukan.dogan@sabanciuniv.edu
[info] [Firebase Plugin] (Core:Project) New user detected, fetching projects
[debug] [2026-04-09T22:20:39.371Z] Checked if tokens are valid: true, expires at: 1775775344774
[debug] [2026-04-09T22:20:39.372Z] >>> [apiv2][query] GET https://firebase.googleapis.com/v1beta1/projects pageSize=1000
[debug] [2026-04-09T22:20:39.882Z] <<< [apiv2][status] GET https://firebase.googleapis.com/v1beta1/projects 200
[debug] [2026-04-09T22:20:39.883Z] <<< [apiv2][body] GET https://firebase.googleapis.com/v1beta1/projects [omitted]
[debug] [2026-04-09T22:20:39.934Z] <<< [apiv2][status] GET https://firebase.googleapis.com/v1beta1/projects 200
[debug] [2026-04-09T22:20:39.934Z] <<< [apiv2][body] GET https://firebase.googleapis.com/v1beta1/projects [omitted]
[debug] [2026-04-09T22:20:48.336Z] E0410 01:20:48.336087   21764 watch.go:40] Failed to load config from "c:\\Users\\doguk\\OneDrive\\Belgeler\\GitHub\\MG_NGO_Website\\dataconnect": could not find dataconnect.yaml in `c:\Users\doguk\OneDrive\Belgeler\GitHub\MG_NGO_Website\dataconnect`
 {"metadata":{"emulator":{"name":"dataconnect"},"message":"E0410 01:20:48.336087   21764 watch.go:40] Failed to load config from \"c:\\\\Users\\\\doguk\\\\OneDrive\\\\Belgeler\\\\GitHub\\\\MG_NGO_Website\\\\dataconnect\": could not find dataconnect.yaml in `c:\\Users\\doguk\\OneDrive\\Belgeler\\GitHub\\MG_NGO_Website\\dataconnect`\n"}}
[debug] [2026-04-09T22:20:58.336Z] E0410 01:20:58.336228   21764 watch.go:116] watchAllDir unable to walk dir `c:\Users\doguk\OneDrive\Belgeler\GitHub\MG_NGO_Website\dataconnect`: GetFileAttributesEx c:\Users\doguk\OneDrive\Belgeler\GitHub\MG_NGO_Website\dataconnect: The system cannot find the file specified.
E0410 01:20:58.336587   21764 watch.go:40] Failed to load config from "c:\\Users\\doguk\\OneDrive\\Belgeler\\GitHub\\MG_NGO_Website\\dataconnect": could not find dataconnect.yaml in `c:\Users\doguk\OneDrive\Belgeler\GitHub\MG_NGO_Website\dataconnect`
 {"metadata":{"emulator":{"name":"dataconnect"},"message":"E0410 01:20:58.336228   21764 watch.go:116] watchAllDir unable to walk dir `c:\\Users\\doguk\\OneDrive\\Belgeler\\GitHub\\MG_NGO_Website\\dataconnect`: GetFileAttributesEx c:\\Users\\doguk\\OneDrive\\Belgeler\\GitHub\\MG_NGO_Website\\dataconnect: The system cannot find the file specified.\nE0410 01:20:58.336587   21764 watch.go:40] Failed to load config from \"c:\\\\Users\\\\doguk\\\\OneDrive\\\\Belgeler\\\\GitHub\\\\MG_NGO_Website\\\\dataconnect\": could not find dataconnect.yaml in `c:\\Users\\doguk\\OneDrive\\Belgeler\\GitHub\\MG_NGO_Website\\dataconnect`\n"}}
[debug] [2026-04-09T22:21:08.336Z] E0410 01:21:08.335836   21764 watch.go:40] Failed to load config from "c:\\Users\\doguk\\OneDrive\\Belgeler\\GitHub\\MG_NGO_Website\\dataconnect": could not find dataconnect.yaml in `c:\Users\doguk\OneDrive\Belgeler\GitHub\MG_NGO_Website\dataconnect`
 {"metadata":{"emulator":{"name":"dataconnect"},"message":"E0410 01:21:08.335836   21764 watch.go:40] Failed to load config from \"c:\\\\Users\\\\doguk\\\\OneDrive\\\\Belgeler\\\\GitHub\\\\MG_NGO_Website\\\\dataconnect\": could not find dataconnect.yaml in `c:\\Users\\doguk\\OneDrive\\Belgeler\\GitHub\\MG_NGO_Website\\dataconnect`\n"}}
[debug] [2026-04-09T22:21:18.336Z] E0410 01:21:18.335811   21764 watch.go:40] Failed to load config from "c:\\Users\\doguk\\OneDrive\\Belgeler\\GitHub\\MG_NGO_Website\\dataconnect": could not find dataconnect.yaml in `c:\Users\doguk\OneDrive\Belgeler\GitHub\MG_NGO_Website\dataconnect`
 {"metadata":{"emulator":{"name":"dataconnect"},"message":"E0410 01:21:18.335811   21764 watch.go:40] Failed to load config from \"c:\\\\Users\\\\doguk\\\\OneDrive\\\\Belgeler\\\\GitHub\\\\MG_NGO_Website\\\\dataconnect\": could not find dataconnect.yaml in `c:\\Users\\doguk\\OneDrive\\Belgeler\\GitHub\\MG_NGO_Website\\dataconnect`\n"}}
[debug] [2026-04-09T22:21:28.336Z] E0410 01:21:28.335769   21764 watch.go:40] Failed to load config from "c:\\Users\\doguk\\OneDrive\\Belgeler\\GitHub\\MG_NGO_Website\\dataconnect": could not find dataconnect.yaml in `c:\Users\doguk\OneDrive\Belgeler\GitHub\MG_NGO_Website\dataconnect`
 {"metadata":{"emulator":{"name":"dataconnect"},"message":"E0410 01:21:28.335769   21764 watch.go:40] Failed to load config from \"c:\\\\Users\\\\doguk\\\\OneDrive\\\\Belgeler\\\\GitHub\\\\MG_NGO_Website\\\\dataconnect\": could not find dataconnect.yaml in `c:\\Users\\doguk\\OneDrive\\Belgeler\\GitHub\\MG_NGO_Website\\dataconnect`\n"}}
[debug] [2026-04-09T22:21:38.335Z] E0410 01:21:38.335742   21764 watch.go:40] Failed to load config from "c:\\Users\\doguk\\OneDrive\\Belgeler\\GitHub\\MG_NGO_Website\\dataconnect": could not find dataconnect.yaml in `c:\Users\doguk\OneDrive\Belgeler\GitHub\MG_NGO_Website\dataconnect`
 {"metadata":{"emulator":{"name":"dataconnect"},"message":"E0410 01:21:38.335742   21764 watch.go:40] Failed to load config from \"c:\\\\Users\\\\doguk\\\\OneDrive\\\\Belgeler\\\\GitHub\\\\MG_NGO_Website\\\\dataconnect\": could not find dataconnect.yaml in `c:\\Users\\doguk\\OneDrive\\Belgeler\\GitHub\\MG_NGO_Website\\dataconnect`\n"}}
[debug] [2026-04-09T22:21:48.336Z] E0410 01:21:48.335789   21764 watch.go:40] Failed to load config from "c:\\Users\\doguk\\OneDrive\\Belgeler\\GitHub\\MG_NGO_Website\\dataconnect": could not find dataconnect.yaml in `c:\Users\doguk\OneDrive\Belgeler\GitHub\MG_NGO_Website\dataconnect`
 {"metadata":{"emulator":{"name":"dataconnect"},"message":"E0410 01:21:48.335789   21764 watch.go:40] Failed to load config from \"c:\\\\Users\\\\doguk\\\\OneDrive\\\\Belgeler\\\\GitHub\\\\MG_NGO_Website\\\\dataconnect\": could not find dataconnect.yaml in `c:\\Users\\doguk\\OneDrive\\Belgeler\\GitHub\\MG_NGO_Website\\dataconnect`\n"}}
[debug] [2026-04-09T22:21:58.336Z] E0410 01:21:58.336091   21764 watch.go:116] watchAllDir unable to walk dir `c:\Users\doguk\OneDrive\Belgeler\GitHub\MG_NGO_Website\dataconnect`: GetFileAttributesEx c:\Users\doguk\OneDrive\Belgeler\GitHub\MG_NGO_Website\dataconnect: The system cannot find the file specified.
E0410 01:21:58.336446   21764 watch.go:40] Failed to load config from "c:\\Users\\doguk\\OneDrive\\Belgeler\\GitHub\\MG_NGO_Website\\dataconnect": could not find dataconnect.yaml in `c:\Users\doguk\OneDrive\Belgeler\GitHub\MG_NGO_Website\dataconnect`
 {"metadata":{"emulator":{"name":"dataconnect"},"message":"E0410 01:21:58.336091   21764 watch.go:116] watchAllDir unable to walk dir `c:\\Users\\doguk\\OneDrive\\Belgeler\\GitHub\\MG_NGO_Website\\dataconnect`: GetFileAttributesEx c:\\Users\\doguk\\OneDrive\\Belgeler\\GitHub\\MG_NGO_Website\\dataconnect: The system cannot find the file specified.\nE0410 01:21:58.336446   21764 watch.go:40] Failed to load config from \"c:\\\\Users\\\\doguk\\\\OneDrive\\\\Belgeler\\\\GitHub\\\\MG_NGO_Website\\\\dataconnect\": could not find dataconnect.yaml in `c:\\Users\\doguk\\OneDrive\\Belgeler\\GitHub\\MG_NGO_Website\\dataconnect`\n"}}
[debug] [2026-04-09T22:22:08.337Z] E0410 01:22:08.336557   21764 watch.go:40] Failed to load config from "c:\\Users\\doguk\\OneDrive\\Belgeler\\GitHub\\MG_NGO_Website\\dataconnect": could not find dataconnect.yaml in `c:\Users\doguk\OneDrive\Belgeler\GitHub\MG_NGO_Website\dataconnect`
 {"metadata":{"emulator":{"name":"dataconnect"},"message":"E0410 01:22:08.336557   21764 watch.go:40] Failed to load config from \"c:\\\\Users\\\\doguk\\\\OneDrive\\\\Belgeler\\\\GitHub\\\\MG_NGO_Website\\\\dataconnect\": could not find dataconnect.yaml in `c:\\Users\\doguk\\OneDrive\\Belgeler\\GitHub\\MG_NGO_Website\\dataconnect`\n"}}
[debug] [2026-04-09T22:22:18.336Z] E0410 01:22:18.336024   21764 watch.go:40] Failed to load config from "c:\\Users\\doguk\\OneDrive\\Belgeler\\GitHub\\MG_NGO_Website\\dataconnect": could not find dataconnect.yaml in `c:\Users\doguk\OneDrive\Belgeler\GitHub\MG_NGO_Website\dataconnect`
 {"metadata":{"emulator":{"name":"dataconnect"},"message":"E0410 01:22:18.336024   21764 watch.go:40] Failed to load config from \"c:\\\\Users\\\\doguk\\\\OneDrive\\\\Belgeler\\\\GitHub\\\\MG_NGO_Website\\\\dataconnect\": could not find dataconnect.yaml in `c:\\Users\\doguk\\OneDrive\\Belgeler\\GitHub\\MG_NGO_Website\\dataconnect`\n"}}
[debug] [2026-04-09T22:22:28.336Z] E0410 01:22:28.335968   21764 watch.go:40] Failed to load config from "c:\\Users\\doguk\\OneDrive\\Belgeler\\GitHub\\MG_NGO_Website\\dataconnect": could not find dataconnect.yaml in `c:\Users\doguk\OneDrive\Belgeler\GitHub\MG_NGO_Website\dataconnect`
 {"metadata":{"emulator":{"name":"dataconnect"},"message":"E0410 01:22:28.335968   21764 watch.go:40] Failed to load config from \"c:\\\\Users\\\\doguk\\\\OneDrive\\\\Belgeler\\\\GitHub\\\\MG_NGO_Website\\\\dataconnect\": could not find dataconnect.yaml in `c:\\Users\\doguk\\OneDrive\\Belgeler\\GitHub\\MG_NGO_Website\\dataconnect`\n"}}
[debug] [2026-04-09T22:22:38.336Z] E0410 01:22:38.335989   21764 watch.go:40] Failed to load config from "c:\\Users\\doguk\\OneDrive\\Belgeler\\GitHub\\MG_NGO_Website\\dataconnect": could not find dataconnect.yaml in `c:\Users\doguk\OneDrive\Belgeler\GitHub\MG_NGO_Website\dataconnect`
 {"metadata":{"emulator":{"name":"dataconnect"},"message":"E0410 01:22:38.335989   21764 watch.go:40] Failed to load config from \"c:\\\\Users\\\\doguk\\\\OneDrive\\\\Belgeler\\\\GitHub\\\\MG_NGO_Website\\\\dataconnect\": could not find dataconnect.yaml in `c:\\Users\\doguk\\OneDrive\\Belgeler\\GitHub\\MG_NGO_Website\\dataconnect`\n"}}
[debug] [2026-04-09T22:22:48.336Z] E0410 01:22:48.335764   21764 watch.go:40] Failed to load config from "c:\\Users\\doguk\\OneDrive\\Belgeler\\GitHub\\MG_NGO_Website\\dataconnect": could not find dataconnect.yaml in `c:\Users\doguk\OneDrive\Belgeler\GitHub\MG_NGO_Website\dataconnect`
 {"metadata":{"emulator":{"name":"dataconnect"},"message":"E0410 01:22:48.335764   21764 watch.go:40] Failed to load config from \"c:\\\\Users\\\\doguk\\\\OneDrive\\\\Belgeler\\\\GitHub\\\\MG_NGO_Website\\\\dataconnect\": could not find dataconnect.yaml in `c:\\Users\\doguk\\OneDrive\\Belgeler\\GitHub\\MG_NGO_Website\\dataconnect`\n"}}
[debug] [2026-04-09T22:22:58.336Z] E0410 01:22:58.335881   21764 watch.go:116] watchAllDir unable to walk dir `c:\Users\doguk\OneDrive\Belgeler\GitHub\MG_NGO_Website\dataconnect`: GetFileAttributesEx c:\Users\doguk\OneDrive\Belgeler\GitHub\MG_NGO_Website\dataconnect: The system cannot find the file specified.
E0410 01:22:58.335881   21764 watch.go:40] Failed to load config from "c:\\Users\\doguk\\OneDrive\\Belgeler\\GitHub\\MG_NGO_Website\\dataconnect": could not find dataconnect.yaml in `c:\Users\doguk\OneDrive\Belgeler\GitHub\MG_NGO_Website\dataconnect`
 {"metadata":{"emulator":{"name":"dataconnect"},"message":"E0410 01:22:58.335881   21764 watch.go:116] watchAllDir unable to walk dir `c:\\Users\\doguk\\OneDrive\\Belgeler\\GitHub\\MG_NGO_Website\\dataconnect`: GetFileAttributesEx c:\\Users\\doguk\\OneDrive\\Belgeler\\GitHub\\MG_NGO_Website\\dataconnect: The system cannot find the file specified.\nE0410 01:22:58.335881   21764 watch.go:40] Failed to load config from \"c:\\\\Users\\\\doguk\\\\OneDrive\\\\Belgeler\\\\GitHub\\\\MG_NGO_Website\\\\dataconnect\": could not find dataconnect.yaml in `c:\\Users\\doguk\\OneDrive\\Belgeler\\GitHub\\MG_NGO_Website\\dataconnect`\n"}}
[debug] [2026-04-09T22:23:08.336Z] E0410 01:23:08.335794   21764 watch.go:40] Failed to load config from "c:\\Users\\doguk\\OneDrive\\Belgeler\\GitHub\\MG_NGO_Website\\dataconnect": could not find dataconnect.yaml in `c:\Users\doguk\OneDrive\Belgeler\GitHub\MG_NGO_Website\dataconnect`
 {"metadata":{"emulator":{"name":"dataconnect"},"message":"E0410 01:23:08.335794   21764 watch.go:40] Failed to load config from \"c:\\\\Users\\\\doguk\\\\OneDrive\\\\Belgeler\\\\GitHub\\\\MG_NGO_Website\\\\dataconnect\": could not find dataconnect.yaml in `c:\\Users\\doguk\\OneDrive\\Belgeler\\GitHub\\MG_NGO_Website\\dataconnect`\n"}}
[debug] [2026-04-09T22:23:18.335Z] E0410 01:23:18.335715   21764 watch.go:40] Failed to load config from "c:\\Users\\doguk\\OneDrive\\Belgeler\\GitHub\\MG_NGO_Website\\dataconnect": could not find dataconnect.yaml in `c:\Users\doguk\OneDrive\Belgeler\GitHub\MG_NGO_Website\dataconnect`
 {"metadata":{"emulator":{"name":"dataconnect"},"message":"E0410 01:23:18.335715   21764 watch.go:40] Failed to load config from \"c:\\\\Users\\\\doguk\\\\OneDrive\\\\Belgeler\\\\GitHub\\\\MG_NGO_Website\\\\dataconnect\": could not find dataconnect.yaml in `c:\\Users\\doguk\\OneDrive\\Belgeler\\GitHub\\MG_NGO_Website\\dataconnect`\n"}}
[debug] [2026-04-09T22:23:28.336Z] E0410 01:23:28.335899   21764 watch.go:40] Failed to load config from "c:\\Users\\doguk\\OneDrive\\Belgeler\\GitHub\\MG_NGO_Website\\dataconnect": could not find dataconnect.yaml in `c:\Users\doguk\OneDrive\Belgeler\GitHub\MG_NGO_Website\dataconnect`
 {"metadata":{"emulator":{"name":"dataconnect"},"message":"E0410 01:23:28.335899   21764 watch.go:40] Failed to load config from \"c:\\\\Users\\\\doguk\\\\OneDrive\\\\Belgeler\\\\GitHub\\\\MG_NGO_Website\\\\dataconnect\": could not find dataconnect.yaml in `c:\\Users\\doguk\\OneDrive\\Belgeler\\GitHub\\MG_NGO_Website\\dataconnect`\n"}}
[debug] [2026-04-09T22:23:38.336Z] E0410 01:23:38.335755   21764 watch.go:40] Failed to load config from "c:\\Users\\doguk\\OneDrive\\Belgeler\\GitHub\\MG_NGO_Website\\dataconnect": could not find dataconnect.yaml in `c:\Users\doguk\OneDrive\Belgeler\GitHub\MG_NGO_Website\dataconnect`
 {"metadata":{"emulator":{"name":"dataconnect"},"message":"E0410 01:23:38.335755   21764 watch.go:40] Failed to load config from \"c:\\\\Users\\\\doguk\\\\OneDrive\\\\Belgeler\\\\GitHub\\\\MG_NGO_Website\\\\dataconnect\": could not find dataconnect.yaml in `c:\\Users\\doguk\\OneDrive\\Belgeler\\GitHub\\MG_NGO_Website\\dataconnect`\n"}}
